<?xml version="1.0" encoding="UTF-8"?>
<!-- Generated by org.testng.reporters.JUnitXMLReporter -->
<testsuite hostname="OTX-FN3PY84" ignored="0" name="LoginTests" tests="10" failures="0" timestamp="2026-01-31T23:11:29 IST" time="63.825" errors="0">
  <testcase name="testValidLogin" time="2.154" classname="com.salesforce.tests.LoginTest"/>
  <testcase name="testInvalidLoginBlankUsername" time="1.505" classname="com.salesforce.tests.LoginTest"/>
  <testcase name="testInvalidLoginBlankPassword" time="2.362" classname="com.salesforce.tests.LoginTest"/>
  <testcase name="testInvalidLoginBlankCredentials" time="1.498" classname="com.salesforce.tests.LoginTest"/>
  <testcase name="testInvalidLoginWrongPassword" time="1.625" classname="com.salesforce.tests.LoginTest"/>
  <testcase name="testInvalidLoginNonExistentUser" time="3.36" classname="com.salesforce.tests.LoginTest"/>
  <testcase name="testInvalidLoginInvalidEmailFormat" time="2.199" classname="com.salesforce.tests.LoginTest"/>
  <testcase name="testInvalidLoginSQLInjection" time="1.448" classname="com.salesforce.tests.LoginTest"/>
  <testcase name="testRememberMeCheckboxDisplayed" time="0.382" classname="com.salesforce.tests.LoginTest"/>
  <testcase name="testLoginWithRememberMe" time="1.35" classname="com.salesforce.tests.LoginTest"/>
</testsuite> <!-- LoginTests -->
