<?xml version="1.0" encoding="UTF-8"?>
<testng-results skipped="0" failed="0" ignored="0" total="10" passed="10">
  <reporter-output>
  </reporter-output>
  <suite name="SalesforceTestSuite" duration-ms="63825" started-at="2026-01-31T23:10:25 IST" finished-at="2026-01-31T23:11:29 IST">
    <groups>
    </groups>
    <test name="LoginTests" duration-ms="63825" started-at="2026-01-31T23:10:25 IST" finished-at="2026-01-31T23:11:29 IST">
      <class name="com.salesforce.tests.LoginTest">
        <test-method status="PASS" signature="setUp(java.lang.String)[pri:0, instance:com.salesforce.tests.LoginTest@4f063c0a]" name="setUp" is-config="true" duration-ms="7805" started-at="2026-01-31T23:10:25 IST" finished-at="2026-01-31T23:10:33 IST">
          <params>
            <param index="0">
              <value>
                <![CDATA[chrome]]>
              </value>
            </param>
          </params>
          <reporter-output>
          </reporter-output>
        </test-method> <!-- setUp -->
        <test-method status="PASS" signature="testValidLogin()[pri:1, instance:com.salesforce.tests.LoginTest@4f063c0a]" name="testValidLogin" duration-ms="2154" started-at="2026-01-31T23:10:33 IST" description="Valid login with correct credentials" finished-at="2026-01-31T23:10:35 IST">
          <reporter-output>
          </reporter-output>
        </test-method> <!-- testValidLogin -->
        <test-method status="PASS" signature="tearDown()[pri:0, instance:com.salesforce.tests.LoginTest@4f063c0a]" name="tearDown" is-config="true" duration-ms="997" started-at="2026-01-31T23:10:35 IST" finished-at="2026-01-31T23:10:36 IST">
          <reporter-output>
          </reporter-output>
        </test-method> <!-- tearDown -->
        <test-method status="PASS" signature="setUp(java.lang.String)[pri:0, instance:com.salesforce.tests.LoginTest@4f063c0a]" name="setUp" is-config="true" duration-ms="3185" started-at="2026-01-31T23:10:36 IST" finished-at="2026-01-31T23:10:39 IST">
          <params>
            <param index="0">
              <value>
                <![CDATA[chrome]]>
              </value>
            </param>
          </params>
          <reporter-output>
          </reporter-output>
        </test-method> <!-- setUp -->
        <test-method status="PASS" signature="testInvalidLoginBlankUsername()[pri:2, instance:com.salesforce.tests.LoginTest@4f063c0a]" name="testInvalidLoginBlankUsername" duration-ms="1505" started-at="2026-01-31T23:10:39 IST" description="Invalid login with blank username" finished-at="2026-01-31T23:10:41 IST">
          <reporter-output>
          </reporter-output>
        </test-method> <!-- testInvalidLoginBlankUsername -->
        <test-method status="PASS" signature="tearDown()[pri:0, instance:com.salesforce.tests.LoginTest@4f063c0a]" name="tearDown" is-config="true" duration-ms="768" started-at="2026-01-31T23:10:41 IST" finished-at="2026-01-31T23:10:41 IST">
          <reporter-output>
          </reporter-output>
        </test-method> <!-- tearDown -->
        <test-method status="PASS" signature="setUp(java.lang.String)[pri:0, instance:com.salesforce.tests.LoginTest@4f063c0a]" name="setUp" is-config="true" duration-ms="3098" started-at="2026-01-31T23:10:42 IST" finished-at="2026-01-31T23:10:45 IST">
          <params>
            <param index="0">
              <value>
                <![CDATA[chrome]]>
              </value>
            </param>
          </params>
          <reporter-output>
          </reporter-output>
        </test-method> <!-- setUp -->
        <test-method status="PASS" signature="testInvalidLoginBlankPassword()[pri:3, instance:com.salesforce.tests.LoginTest@4f063c0a]" name="testInvalidLoginBlankPassword" duration-ms="2362" started-at="2026-01-31T23:10:45 IST" description="Invalid login with blank password" finished-at="2026-01-31T23:10:47 IST">
          <reporter-output>
          </reporter-output>
        </test-method> <!-- testInvalidLoginBlankPassword -->
        <test-method status="PASS" signature="tearDown()[pri:0, instance:com.salesforce.tests.LoginTest@4f063c0a]" name="tearDown" is-config="true" duration-ms="1834" started-at="2026-01-31T23:10:47 IST" finished-at="2026-01-31T23:10:49 IST">
          <reporter-output>
          </reporter-output>
        </test-method> <!-- tearDown -->
        <test-method status="PASS" signature="setUp(java.lang.String)[pri:0, instance:com.salesforce.tests.LoginTest@4f063c0a]" name="setUp" is-config="true" duration-ms="3106" started-at="2026-01-31T23:10:49 IST" finished-at="2026-01-31T23:10:52 IST">
          <params>
            <param index="0">
              <value>
                <![CDATA[chrome]]>
              </value>
            </param>
          </params>
          <reporter-output>
          </reporter-output>
        </test-method> <!-- setUp -->
        <test-method status="PASS" signature="testInvalidLoginBlankCredentials()[pri:4, instance:com.salesforce.tests.LoginTest@4f063c0a]" name="testInvalidLoginBlankCredentials" duration-ms="1498" started-at="2026-01-31T23:10:52 IST" description="Invalid login with blank username and password" finished-at="2026-01-31T23:10:53 IST">
          <reporter-output>
          </reporter-output>
        </test-method> <!-- testInvalidLoginBlankCredentials -->
        <test-method status="PASS" signature="tearDown()[pri:0, instance:com.salesforce.tests.LoginTest@4f063c0a]" name="tearDown" is-config="true" duration-ms="741" started-at="2026-01-31T23:10:53 IST" finished-at="2026-01-31T23:10:54 IST">
          <reporter-output>
          </reporter-output>
        </test-method> <!-- tearDown -->
        <test-method status="PASS" signature="setUp(java.lang.String)[pri:0, instance:com.salesforce.tests.LoginTest@4f063c0a]" name="setUp" is-config="true" duration-ms="2982" started-at="2026-01-31T23:10:54 IST" finished-at="2026-01-31T23:10:57 IST">
          <params>
            <param index="0">
              <value>
                <![CDATA[chrome]]>
              </value>
            </param>
          </params>
          <reporter-output>
          </reporter-output>
        </test-method> <!-- setUp -->
        <test-method status="PASS" signature="testInvalidLoginWrongPassword()[pri:5, instance:com.salesforce.tests.LoginTest@4f063c0a]" name="testInvalidLoginWrongPassword" duration-ms="1625" started-at="2026-01-31T23:10:57 IST" description="Invalid login with incorrect password" finished-at="2026-01-31T23:10:59 IST">
          <reporter-output>
          </reporter-output>
        </test-method> <!-- testInvalidLoginWrongPassword -->
        <test-method status="PASS" signature="tearDown()[pri:0, instance:com.salesforce.tests.LoginTest@4f063c0a]" name="tearDown" is-config="true" duration-ms="720" started-at="2026-01-31T23:10:59 IST" finished-at="2026-01-31T23:10:59 IST">
          <reporter-output>
          </reporter-output>
        </test-method> <!-- tearDown -->
        <test-method status="PASS" signature="setUp(java.lang.String)[pri:0, instance:com.salesforce.tests.LoginTest@4f063c0a]" name="setUp" is-config="true" duration-ms="3223" started-at="2026-01-31T23:10:59 IST" finished-at="2026-01-31T23:11:03 IST">
          <params>
            <param index="0">
              <value>
                <![CDATA[chrome]]>
              </value>
            </param>
          </params>
          <reporter-output>
          </reporter-output>
        </test-method> <!-- setUp -->
        <test-method status="PASS" signature="testInvalidLoginNonExistentUser()[pri:6, instance:com.salesforce.tests.LoginTest@4f063c0a]" name="testInvalidLoginNonExistentUser" duration-ms="3360" started-at="2026-01-31T23:11:03 IST" description="Invalid login with non-existent user" finished-at="2026-01-31T23:11:06 IST">
          <reporter-output>
          </reporter-output>
        </test-method> <!-- testInvalidLoginNonExistentUser -->
        <test-method status="PASS" signature="tearDown()[pri:0, instance:com.salesforce.tests.LoginTest@4f063c0a]" name="tearDown" is-config="true" duration-ms="811" started-at="2026-01-31T23:11:06 IST" finished-at="2026-01-31T23:11:07 IST">
          <reporter-output>
          </reporter-output>
        </test-method> <!-- tearDown -->
        <test-method status="PASS" signature="setUp(java.lang.String)[pri:0, instance:com.salesforce.tests.LoginTest@4f063c0a]" name="setUp" is-config="true" duration-ms="3899" started-at="2026-01-31T23:11:07 IST" finished-at="2026-01-31T23:11:11 IST">
          <params>
            <param index="0">
              <value>
                <![CDATA[chrome]]>
              </value>
            </param>
          </params>
          <reporter-output>
          </reporter-output>
        </test-method> <!-- setUp -->
        <test-method status="PASS" signature="testInvalidLoginInvalidEmailFormat()[pri:7, instance:com.salesforce.tests.LoginTest@4f063c0a]" name="testInvalidLoginInvalidEmailFormat" duration-ms="2199" started-at="2026-01-31T23:11:11 IST" description="Invalid login with invalid email format" finished-at="2026-01-31T23:11:13 IST">
          <reporter-output>
          </reporter-output>
        </test-method> <!-- testInvalidLoginInvalidEmailFormat -->
        <test-method status="PASS" signature="tearDown()[pri:0, instance:com.salesforce.tests.LoginTest@4f063c0a]" name="tearDown" is-config="true" duration-ms="1035" started-at="2026-01-31T23:11:13 IST" finished-at="2026-01-31T23:11:14 IST">
          <reporter-output>
          </reporter-output>
        </test-method> <!-- tearDown -->
        <test-method status="PASS" signature="setUp(java.lang.String)[pri:0, instance:com.salesforce.tests.LoginTest@4f063c0a]" name="setUp" is-config="true" duration-ms="3243" started-at="2026-01-31T23:11:14 IST" finished-at="2026-01-31T23:11:17 IST">
          <params>
            <param index="0">
              <value>
                <![CDATA[chrome]]>
              </value>
            </param>
          </params>
          <reporter-output>
          </reporter-output>
        </test-method> <!-- setUp -->
        <test-method status="PASS" signature="testInvalidLoginSQLInjection()[pri:8, instance:com.salesforce.tests.LoginTest@4f063c0a]" name="testInvalidLoginSQLInjection" duration-ms="1448" started-at="2026-01-31T23:11:17 IST" description="Invalid login with SQL injection attempt" finished-at="2026-01-31T23:11:19 IST">
          <reporter-output>
          </reporter-output>
        </test-method> <!-- testInvalidLoginSQLInjection -->
        <test-method status="PASS" signature="tearDown()[pri:0, instance:com.salesforce.tests.LoginTest@4f063c0a]" name="tearDown" is-config="true" duration-ms="739" started-at="2026-01-31T23:11:19 IST" finished-at="2026-01-31T23:11:19 IST">
          <reporter-output>
          </reporter-output>
        </test-method> <!-- tearDown -->
        <test-method status="PASS" signature="setUp(java.lang.String)[pri:0, instance:com.salesforce.tests.LoginTest@4f063c0a]" name="setUp" is-config="true" duration-ms="2909" started-at="2026-01-31T23:11:19 IST" finished-at="2026-01-31T23:11:22 IST">
          <params>
            <param index="0">
              <value>
                <![CDATA[chrome]]>
              </value>
            </param>
          </params>
          <reporter-output>
          </reporter-output>
        </test-method> <!-- setUp -->
        <test-method status="PASS" signature="testRememberMeCheckboxDisplayed()[pri:9, instance:com.salesforce.tests.LoginTest@4f063c0a]" name="testRememberMeCheckboxDisplayed" duration-ms="382" started-at="2026-01-31T23:11:22 IST" description="Verify Remember Me checkbox is displayed" finished-at="2026-01-31T23:11:23 IST">
          <reporter-output>
          </reporter-output>
        </test-method> <!-- testRememberMeCheckboxDisplayed -->
        <test-method status="PASS" signature="tearDown()[pri:0, instance:com.salesforce.tests.LoginTest@4f063c0a]" name="tearDown" is-config="true" duration-ms="1036" started-at="2026-01-31T23:11:23 IST" finished-at="2026-01-31T23:11:24 IST">
          <reporter-output>
          </reporter-output>
        </test-method> <!-- tearDown -->
        <test-method status="PASS" signature="setUp(java.lang.String)[pri:0, instance:com.salesforce.tests.LoginTest@4f063c0a]" name="setUp" is-config="true" duration-ms="2947" started-at="2026-01-31T23:11:24 IST" finished-at="2026-01-31T23:11:27 IST">
          <params>
            <param index="0">
              <value>
                <![CDATA[chrome]]>
              </value>
            </param>
          </params>
          <reporter-output>
          </reporter-output>
        </test-method> <!-- setUp -->
        <test-method status="PASS" signature="testLoginWithRememberMe()[pri:10, instance:com.salesforce.tests.LoginTest@4f063c0a]" name="testLoginWithRememberMe" duration-ms="1350" started-at="2026-01-31T23:11:27 IST" description="Verify login with Remember Me selected" finished-at="2026-01-31T23:11:28 IST">
          <reporter-output>
          </reporter-output>
        </test-method> <!-- testLoginWithRememberMe -->
        <test-method status="PASS" signature="tearDown()[pri:0, instance:com.salesforce.tests.LoginTest@4f063c0a]" name="tearDown" is-config="true" duration-ms="821" started-at="2026-01-31T23:11:28 IST" finished-at="2026-01-31T23:11:29 IST">
          <reporter-output>
          </reporter-output>
        </test-method> <!-- tearDown -->
      </class> <!-- com.salesforce.tests.LoginTest -->
    </test> <!-- LoginTests -->
  </suite> <!-- SalesforceTestSuite -->
</testng-results>
