<?xml version="1.0" encoding="UTF-8"?>
<!-- Generated by org.testng.reporters.JUnitReportReporter -->
<testsuite skipped="0" hostname="OTX-FN3PY84" name="com.salesforce.tests.LoginTest" tests="10" failures="0" timestamp="2026-01-31T23:11:29 IST" time="63.782" errors="0">
  <testcase name="testValidLogin" time="6.249" classname="com.salesforce.tests.LoginTest"/>
  <system-out/>
  <testcase name="testInvalidLoginBlankUsername" time="5.172" classname="com.salesforce.tests.LoginTest"/>
  <system-out/>
  <testcase name="testInvalidLoginBlankPassword" time="6.583" classname="com.salesforce.tests.LoginTest"/>
  <system-out/>
  <testcase name="testInvalidLoginBlankCredentials" time="5.542" classname="com.salesforce.tests.LoginTest"/>
  <system-out/>
  <testcase name="testInvalidLoginWrongPassword" time="6.292" classname="com.salesforce.tests.LoginTest"/>
  <system-out/>
  <testcase name="testInvalidLoginNonExistentUser" time="7.205" classname="com.salesforce.tests.LoginTest"/>
  <system-out/>
  <testcase name="testInvalidLoginInvalidEmailFormat" time="6.216" classname="com.salesforce.tests.LoginTest"/>
  <system-out/>
  <testcase name="testInvalidLoginSQLInjection" time="6.525" classname="com.salesforce.tests.LoginTest"/>
  <system-out/>
  <testcase name="testRememberMeCheckboxDisplayed" time="8.928" classname="com.salesforce.tests.LoginTest"/>
  <system-out/>
  <testcase name="testLoginWithRememberMe" time="5.070" classname="com.salesforce.tests.LoginTest"/>
  <system-out/>
</testsuite> <!-- com.salesforce.tests.LoginTest -->
